#
# There is insufficient memory for the Java Runtime Environment to continue.
# Native memory allocation (mmap) failed to map 205520896 bytes. Error detail: G1 virtual space
# Possible reasons:
#   The system is out of physical RAM or swap space
#   This process is running with CompressedOops enabled, and the Java Heap may be blocking the growth of the native heap
# Possible solutions:
#   Reduce memory load on the system
#   Increase physical memory or swap space
#   Check if swap backing store is full
#   Decrease Java heap size (-Xmx/-Xms)
#   Decrease number of Java threads
#   Decrease Java thread stack sizes (-Xss)
#   Set larger code cache with -XX:ReservedCodeCacheSize=
#   JVM is running with Zero Based Compressed Oops mode in which the Java heap is
#     placed in the first 32GB address space. The Java Heap base address is the
#     maximum limit for the native heap growth. Please use -XX:HeapBaseMinAddress
#     to set the Java Heap base and to place the Java Heap above 32GB virtual address.
# This output file may be truncated or incomplete.
#
#  Out of Memory Error (os_windows.cpp:3631), pid=24960, tid=28820
#
# JRE version: OpenJDK Runtime Environment (22.0.1+8) (build 22.0.1+8-16)
# Java VM: OpenJDK 64-Bit Server VM (22.0.1+8-16, mixed mode, sharing, tiered, compressed oops, compressed class ptrs, g1 gc, windows-amd64)
# No core dump will be written. Minidumps are not enabled by default on client versions of Windows
#

---------------  S U M M A R Y ------------

Command Line: -javaagent:C:\Program Files\JetBrains\IntelliJ IDEA Community Edition 2023.2.4\lib\idea_rt.jar=51284:C:\Program Files\JetBrains\IntelliJ IDEA Community Edition 2023.2.4\bin -Dfile.encoding=UTF-8 -Dsun.stdout.encoding=UTF-8 -Dsun.stderr.encoding=UTF-8 lang.wrapper.WrapperVsPrimitive

Host: 13th Gen Intel(R) Core(TM) i7-1360P, 16 cores, 15G,  Windows 11 , 64 bit Build 22621 (10.0.22621.3527)
Time: Wed Jun  5 14:48:39 2024  Windows 11 , 64 bit Build 22621 (10.0.22621.3527) elapsed time: 0.568781 seconds (0d 0h 0m 0s)

---------------  T H R E A D  ---------------

Current thread (0x000001ef7acbe700):  VMThread "VM Thread"          [id=28820, stack(0x0000001ac4500000,0x0000001ac4600000) (1024K)]

Stack: [0x0000001ac4500000,0x0000001ac4600000]
Native frames: (J=compiled Java code, j=interpreted, Vv=VM code, C=native code)
V  [jvm.dll+0x6e2279]  (no source info available)
V  [jvm.dll+0x874e33]  (no source info available)
V  [jvm.dll+0x87725e]  (no source info available)
V  [jvm.dll+0x877933]  (no source info available)
V  [jvm.dll+0x27fd76]  (no source info available)
V  [jvm.dll+0x6de915]  (no source info available)
V  [jvm.dll+0x6d341a]  (no source info available)
V  [jvm.dll+0x3589da]  (no source info available)
V  [jvm.dll+0x360f06]  (no source info available)
V  [jvm.dll+0x3b3e2e]  (no source info available)
V  [jvm.dll+0x3b40d8]  (no source info available)
V  [jvm.dll+0x32c59c]  (no source info available)
V  [jvm.dll+0x32c627]  (no source info available)
V  [jvm.dll+0x37229c]  (no source info available)
V  [jvm.dll+0x370996]  (no source info available)
V  [jvm.dll+0x32bc87]  (no source info available)
V  [jvm.dll+0x370154]  (no source info available)
V  [jvm.dll+0x87d7d0]  (no source info available)
V  [jvm.dll+0x87eb57]  (no source info available)
V  [jvm.dll+0x87f0d0]  (no source info available)
V  [jvm.dll+0x87f373]  (no source info available)
V  [jvm.dll+0x81d44b]  (no source info available)
V  [jvm.dll+0x6e0915]  (no source info available)
C  [ucrtbase.dll+0x29333]  (no source info available)
C  [KERNEL32.DLL+0x1257d]  (no source info available)
C  [ntdll.dll+0x5aa48]  (no source info available)

VM_Operation (0x0000001ac3eff000): G1CollectForAllocation, mode: safepoint, requested by thread 0x000001ef6a348070


---------------  P R O C E S S  ---------------

Threads class SMR info:
_java_thread_list=0x000001ef5424c420, length=15, elements={
0x000001ef6a348070, 0x000001ef7acd7f00, 0x000001ef7acdce30, 0x000001ef7acdee60,
0x000001ef7ace1f20, 0x000001ef7ace5bc0, 0x000001ef7acee4c0, 0x000001ef7acf3370,
0x000001ef7acf3a30, 0x000001ef542026f0, 0x000001ef54191830, 0x000001ef542455a0,
0x000001ef54246730, 0x000001ef54346930, 0x000001ef54346fa0
}

Java Threads: ( => current thread )
  0x000001ef6a348070 JavaThread "main"                              [_thread_blocked, id=22852, stack(0x0000001ac3e00000,0x0000001ac3f00000) (1024K)]
  0x000001ef7acd7f00 JavaThread "Reference Handler"          daemon [_thread_blocked, id=1664, stack(0x0000001ac4600000,0x0000001ac4700000) (1024K)]
  0x000001ef7acdce30 JavaThread "Finalizer"                  daemon [_thread_blocked, id=2772, stack(0x0000001ac4700000,0x0000001ac4800000) (1024K)]
  0x000001ef7acdee60 JavaThread "Signal Dispatcher"          daemon [_thread_blocked, id=47076, stack(0x0000001ac4800000,0x0000001ac4900000) (1024K)]
  0x000001ef7ace1f20 JavaThread "Attach Listener"            daemon [_thread_blocked, id=7992, stack(0x0000001ac4900000,0x0000001ac4a00000) (1024K)]
  0x000001ef7ace5bc0 JavaThread "Service Thread"             daemon [_thread_blocked, id=32896, stack(0x0000001ac4a00000,0x0000001ac4b00000) (1024K)]
  0x000001ef7acee4c0 JavaThread "Monitor Deflation Thread"   daemon [_thread_blocked, id=45816, stack(0x0000001ac4b00000,0x0000001ac4c00000) (1024K)]
  0x000001ef7acf3370 JavaThread "C2 CompilerThread0"         daemon [_thread_blocked, id=24756, stack(0x0000001ac4c00000,0x0000001ac4d00000) (1024K)]
  0x000001ef7acf3a30 JavaThread "C1 CompilerThread0"         daemon [_thread_blocked, id=48820, stack(0x0000001ac4d00000,0x0000001ac4e00000) (1024K)]
  0x000001ef542026f0 JavaThread "Common-Cleaner"             daemon [_thread_blocked, id=25368, stack(0x0000001ac4e00000,0x0000001ac4f00000) (1024K)]
  0x000001ef54191830 JavaThread "C1 CompilerThread1"         daemon [_thread_blocked, id=43816, stack(0x0000001ac4f00000,0x0000001ac5000000) (1024K)]
  0x000001ef542455a0 JavaThread "C1 CompilerThread2"         daemon [_thread_blocked, id=37436, stack(0x0000001ac5000000,0x0000001ac5100000) (1024K)]
  0x000001ef54246730 JavaThread "C1 CompilerThread3"         daemon [_thread_blocked, id=1968, stack(0x0000001ac5100000,0x0000001ac5200000) (1024K)]
  0x000001ef54346930 JavaThread "Monitor Ctrl-Break"         daemon [_thread_in_native, id=17680, stack(0x0000001ac5400000,0x0000001ac5500000) (1024K)]
  0x000001ef54346fa0 JavaThread "Notification Thread"        daemon [_thread_blocked, id=31300, stack(0x0000001ac5500000,0x0000001ac5600000) (1024K)]
Total: 15

Other Threads:
=>0x000001ef7acbe700 VMThread "VM Thread"                           [id=28820, stack(0x0000001ac4500000,0x0000001ac4600000) (1024K)]
  0x000001ef7aca2c00 WatcherThread "VM Periodic Task Thread"        [id=14240, stack(0x0000001ac4400000,0x0000001ac4500000) (1024K)]
  0x000001ef6a3aed20 WorkerThread "GC Thread#0"                     [id=48428, stack(0x0000001ac3f00000,0x0000001ac4000000) (1024K)]
  0x000001ef54416fc0 WorkerThread "GC Thread#1"                     [id=29132, stack(0x0000001ac5200000,0x0000001ac5300000) (1024K)]
  0x000001ef54352be0 WorkerThread "GC Thread#2"                     [id=40888, stack(0x0000001ac5300000,0x0000001ac5400000) (1024K)]
  0x000001ef5435ec30 WorkerThread "GC Thread#3"                     [id=24796, stack(0x0000001ac5600000,0x0000001ac5700000) (1024K)]
  0x000001ef5435fa00 WorkerThread "GC Thread#4"                     [id=36460, stack(0x0000001ac5700000,0x0000001ac5800000) (1024K)]
  0x000001ef5435fdb0 WorkerThread "GC Thread#5"                     [id=13896, stack(0x0000001ac5800000,0x0000001ac5900000) (1024K)]
  0x000001ef6a3c0a30 ConcurrentGCThread "G1 Main Marker"            [id=38468, stack(0x0000001ac4000000,0x0000001ac4100000) (1024K)]
  0x000001ef6a3c16f0 WorkerThread "G1 Conc#0"                       [id=27704, stack(0x0000001ac4100000,0x0000001ac4200000) (1024K)]
  0x000001ef7ab74a00 ConcurrentGCThread "G1 Refine#0"               [id=47448, stack(0x0000001ac4200000,0x0000001ac4300000) (1024K)]
  0x000001ef7ab75580 ConcurrentGCThread "G1 Service"                [id=37664, stack(0x0000001ac4300000,0x0000001ac4400000) (1024K)]
Total: 12

Threads with active compile tasks:
Total: 0

VM state: at safepoint (normal execution)

VM Mutex/Monitor currently owned by a thread:  ([mutex/lock_event])
[0x00007ffe3351bbb8] Threads_lock - owner thread: 0x000001ef7acbe700
[0x00007ffe3351bcb8] Heap_lock - owner thread: 0x000001ef6a348070

Heap address: 0x0000000706e00000, size: 3986 MB, Compressed Oops mode: Zero based, Oop shift amount: 3

CDS archive(s) mapped at: [0x000001ef0f000000-0x000001ef0fc50000-0x000001ef0fc50000), size 12910592, SharedBaseAddress: 0x000001ef0f000000, ArchiveRelocationMode: 1.
Compressed class space mapped at: 0x000001ef10000000-0x000001ef50000000, reserved size: 1073741824
Narrow klass base: 0x000001ef0f000000, Narrow klass shift: 0, Narrow klass range: 0x41000000

GC Precious Log:
 CardTable entry size: 512
 Card Set container configuration: InlinePtr #cards 4 size 8 Array Of Cards #cards 16 size 48 Howl #buckets 8 coarsen threshold 3686 Howl Bitmap #cards 512 size 80 coarsen threshold 460 Card regions per heap region 1 cards per card region 4096
 CPUs: 16 total, 16 available
 Memory: 15943M
 Large Page Support: Disabled
 NUMA Support: Disabled
 Compressed Oops: Enabled (Zero based)
 Heap Region Size: 2M
 Heap Min Capacity: 8M
 Heap Initial Capacity: 250M
 Heap Max Capacity: 3986M
 Pre-touch: Disabled
 Parallel Workers: 13
 Concurrent Workers: 3
 Concurrent Refinement Workers: 13
 Periodic GC: Disabled

Heap:
 garbage-first heap   total reserved 4081664K, committed 256000K, used 1056K [0x0000000706e00000, 0x0000000800000000)
  region size 2048K, 1 young (2048K), 1 survivors (2048K)
 Metaspace       used 891K, committed 1024K, reserved 1114112K
  class space    used 71K, committed 128K, reserved 1048576K

Heap Regions: E=young(eden), S=young(survivor), O=old, HS=humongous(starts), HC=humongous(continues), CS=collection set, F=free, TAMS=top-at-mark-start, PB=parsable bottom
|   0|0x0000000706e00000, 0x0000000706e00000, 0x0000000707000000|  0%| F|  |TAMS 0x0000000706e00000| PB 0x0000000706e00000| Untracked |  0
|   1|0x0000000707000000, 0x0000000707000000, 0x0000000707200000|  0%| F|  |TAMS 0x0000000707000000| PB 0x0000000707000000| Untracked |  0
|   2|0x0000000707200000, 0x0000000707200000, 0x0000000707400000|  0%| F|  |TAMS 0x0000000707200000| PB 0x0000000707200000| Untracked |  0
|   3|0x0000000707400000, 0x0000000707400000, 0x0000000707600000|  0%| F|  |TAMS 0x0000000707400000| PB 0x0000000707400000| Untracked |  0
|   4|0x0000000707600000, 0x0000000707600000, 0x0000000707800000|  0%| F|  |TAMS 0x0000000707600000| PB 0x0000000707600000| Untracked |  0
|   5|0x0000000707800000, 0x0000000707800000, 0x0000000707a00000|  0%| F|  |TAMS 0x0000000707800000| PB 0x0000000707800000| Untracked |  0
|   6|0x0000000707a00000, 0x0000000707a00000, 0x0000000707c00000|  0%| F|  |TAMS 0x0000000707a00000| PB 0x0000000707a00000| Untracked |  0
|   7|0x0000000707c00000, 0x0000000707c00000, 0x0000000707e00000|  0%| F|  |TAMS 0x0000000707c00000| PB 0x0000000707c00000| Untracked |  0
|   8|0x0000000707e00000, 0x0000000707e00000, 0x0000000708000000|  0%| F|  |TAMS 0x0000000707e00000| PB 0x0000000707e00000| Untracked |  0
|   9|0x0000000708000000, 0x0000000708000000, 0x0000000708200000|  0%| F|  |TAMS 0x0000000708000000| PB 0x0000000708000000| Untracked |  0
|  10|0x0000000708200000, 0x0000000708200000, 0x0000000708400000|  0%| F|  |TAMS 0x0000000708200000| PB 0x0000000708200000| Untracked |  0
|  11|0x0000000708400000, 0x0000000708400000, 0x0000000708600000|  0%| F|  |TAMS 0x0000000708400000| PB 0x0000000708400000| Untracked |  0
|  12|0x0000000708600000, 0x0000000708600000, 0x0000000708800000|  0%| F|  |TAMS 0x0000000708600000| PB 0x0000000708600000| Untracked |  0
|  13|0x0000000708800000, 0x0000000708800000, 0x0000000708a00000|  0%| F|  |TAMS 0x0000000708800000| PB 0x0000000708800000| Untracked |  0
|  14|0x0000000708a00000, 0x0000000708a00000, 0x0000000708c00000|  0%| F|  |TAMS 0x0000000708a00000| PB 0x0000000708a00000| Untracked |  0
|  15|0x0000000708c00000, 0x0000000708c00000, 0x0000000708e00000|  0%| F|  |TAMS 0x0000000708c00000| PB 0x0000000708c00000| Untracked |  0
|  16|0x0000000708e00000, 0x0000000708e00000, 0x0000000709000000|  0%| F|  |TAMS 0x0000000708e00000| PB 0x0000000708e00000| Untracked |  0
|  17|0x0000000709000000, 0x0000000709000000, 0x0000000709200000|  0%| F|  |TAMS 0x0000000709000000| PB 0x0000000709000000| Untracked |  0
|  18|0x0000000709200000, 0x0000000709200000, 0x0000000709400000|  0%| F|  |TAMS 0x0000000709200000| PB 0x0000000709200000| Untracked |  0
|  19|0x0000000709400000, 0x0000000709400000, 0x0000000709600000|  0%| F|  |TAMS 0x0000000709400000| PB 0x0000000709400000| Untracked |  0
|  20|0x0000000709600000, 0x0000000709600000, 0x0000000709800000|  0%| F|  |TAMS 0x0000000709600000| PB 0x0000000709600000| Untracked |  0
|  21|0x0000000709800000, 0x0000000709800000, 0x0000000709a00000|  0%| F|  |TAMS 0x0000000709800000| PB 0x0000000709800000| Untracked |  0
|  22|0x0000000709a00000, 0x0000000709a00000, 0x0000000709c00000|  0%| F|  |TAMS 0x0000000709a00000| PB 0x0000000709a00000| Untracked |  0
|  23|0x0000000709c00000, 0x0000000709c00000, 0x0000000709e00000|  0%| F|  |TAMS 0x0000000709c00000| PB 0x0000000709c00000| Untracked |  0
|  24|0x0000000709e00000, 0x0000000709e00000, 0x000000070a000000|  0%| F|  |TAMS 0x0000000709e00000| PB 0x0000000709e00000| Untracked |  0
|  25|0x000000070a000000, 0x000000070a000000, 0x000000070a200000|  0%| F|  |TAMS 0x000000070a000000| PB 0x000000070a000000| Untracked |  0
|  26|0x000000070a200000, 0x000000070a200000, 0x000000070a400000|  0%| F|  |TAMS 0x000000070a200000| PB 0x000000070a200000| Untracked |  0
|  27|0x000000070a400000, 0x000000070a400000, 0x000000070a600000|  0%| F|  |TAMS 0x000000070a400000| PB 0x000000070a400000| Untracked |  0
|  28|0x000000070a600000, 0x000000070a600000, 0x000000070a800000|  0%| F|  |TAMS 0x000000070a600000| PB 0x000000070a600000| Untracked |  0
|  29|0x000000070a800000, 0x000000070a800000, 0x000000070aa00000|  0%| F|  |TAMS 0x000000070a800000| PB 0x000000070a800000| Untracked |  0
|  30|0x000000070aa00000, 0x000000070aa00000, 0x000000070ac00000|  0%| F|  |TAMS 0x000000070aa00000| PB 0x000000070aa00000| Untracked |  0
|  31|0x000000070ac00000, 0x000000070ac00000, 0x000000070ae00000|  0%| F|  |TAMS 0x000000070ac00000| PB 0x000000070ac00000| Untracked |  0
|  32|0x000000070ae00000, 0x000000070ae00000, 0x000000070b000000|  0%| F|  |TAMS 0x000000070ae00000| PB 0x000000070ae00000| Untracked |  0
|  33|0x000000070b000000, 0x000000070b000000, 0x000000070b200000|  0%| F|  |TAMS 0x000000070b000000| PB 0x000000070b000000| Untracked |  0
|  34|0x000000070b200000, 0x000000070b200000, 0x000000070b400000|  0%| F|  |TAMS 0x000000070b200000| PB 0x000000070b200000| Untracked |  0
|  35|0x000000070b400000, 0x000000070b400000, 0x000000070b600000|  0%| F|  |TAMS 0x000000070b400000| PB 0x000000070b400000| Untracked |  0
|  36|0x000000070b600000, 0x000000070b600000, 0x000000070b800000|  0%| F|  |TAMS 0x000000070b600000| PB 0x000000070b600000| Untracked |  0
|  37|0x000000070b800000, 0x000000070b800000, 0x000000070ba00000|  0%| F|  |TAMS 0x000000070b800000| PB 0x000000070b800000| Untracked |  0
|  38|0x000000070ba00000, 0x000000070ba00000, 0x000000070bc00000|  0%| F|  |TAMS 0x000000070ba00000| PB 0x000000070ba00000| Untracked |  0
|  39|0x000000070bc00000, 0x000000070bc00000, 0x000000070be00000|  0%| F|  |TAMS 0x000000070bc00000| PB 0x000000070bc00000| Untracked |  0
|  40|0x000000070be00000, 0x000000070be00000, 0x000000070c000000|  0%| F|  |TAMS 0x000000070be00000| PB 0x000000070be00000| Untracked |  0
|  41|0x000000070c000000, 0x000000070c000000, 0x000000070c200000|  0%| F|  |TAMS 0x000000070c000000| PB 0x000000070c000000| Untracked |  0
|  42|0x000000070c200000, 0x000000070c200000, 0x000000070c400000|  0%| F|  |TAMS 0x000000070c200000| PB 0x000000070c200000| Untracked |  0
|  43|0x000000070c400000, 0x000000070c400000, 0x000000070c600000|  0%| F|  |TAMS 0x000000070c400000| PB 0x000000070c400000| Untracked |  0
|  44|0x000000070c600000, 0x000000070c600000, 0x000000070c800000|  0%| F|  |TAMS 0x000000070c600000| PB 0x000000070c600000| Untracked |  0
|  45|0x000000070c800000, 0x000000070c800000, 0x000000070ca00000|  0%| F|  |TAMS 0x000000070c800000| PB 0x000000070c800000| Untracked |  0
|  46|0x000000070ca00000, 0x000000070ca00000, 0x000000070cc00000|  0%| F|  |TAMS 0x000000070ca00000| PB 0x000000070ca00000| Untracked |  0
|  47|0x000000070cc00000, 0x000000070cc00000, 0x000000070ce00000|  0%| F|  |TAMS 0x000000070cc00000| PB 0x000000070cc00000| Untracked |  0
|  48|0x000000070ce00000, 0x000000070ce00000, 0x000000070d000000|  0%| F|  |TAMS 0x000000070ce00000| PB 0x000000070ce00000| Untracked |  0
|  49|0x000000070d000000, 0x000000070d000000, 0x000000070d200000|  0%| F|  |TAMS 0x000000070d000000| PB 0x000000070d000000| Untracked |  0
|  50|0x000000070d200000, 0x000000070d308130, 0x000000070d400000| 51%| S|CS|TAMS 0x000000070d200000| PB 0x000000070d200000| Complete |  0
|  51|0x000000070d400000, 0x000000070d400000, 0x000000070d600000|  0%| F|  |TAMS 0x000000070d400000| PB 0x000000070d400000| Untracked |  0
|  52|0x000000070d600000, 0x000000070d600000, 0x000000070d800000|  0%| F|  |TAMS 0x000000070d600000| PB 0x000000070d600000| Untracked |  0
|  53|0x000000070d800000, 0x000000070d800000, 0x000000070da00000|  0%| F|  |TAMS 0x000000070d800000| PB 0x000000070d800000| Untracked |  0
|  54|0x000000070da00000, 0x000000070da00000, 0x000000070dc00000|  0%| F|  |TAMS 0x000000070da00000| PB 0x000000070da00000| Untracked |  0
|  55|0x000000070dc00000, 0x000000070dc00000, 0x000000070de00000|  0%| F|  |TAMS 0x000000070dc00000| PB 0x000000070dc00000| Untracked |  0
|  56|0x000000070de00000, 0x000000070de00000, 0x000000070e000000|  0%| F|  |TAMS 0x000000070de00000| PB 0x000000070de00000| Untracked |  0
|  57|0x000000070e000000, 0x000000070e000000, 0x000000070e200000|  0%| F|  |TAMS 0x000000070e000000| PB 0x000000070e000000| Untracked |  0
|  58|0x000000070e200000, 0x000000070e200000, 0x000000070e400000|  0%| F|  |TAMS 0x000000070e200000| PB 0x000000070e200000| Untracked |  0
|  59|0x000000070e400000, 0x000000070e400000, 0x000000070e600000|  0%| F|  |TAMS 0x000000070e400000| PB 0x000000070e400000| Untracked |  0
|  60|0x000000070e600000, 0x000000070e600000, 0x000000070e800000|  0%| F|  |TAMS 0x000000070e600000| PB 0x000000070e600000| Untracked |  0
|  61|0x000000070e800000, 0x000000070e800000, 0x000000070ea00000|  0%| F|  |TAMS 0x000000070e800000| PB 0x000000070e800000| Untracked |  0
|  62|0x000000070ea00000, 0x000000070ea00000, 0x000000070ec00000|  0%| F|  |TAMS 0x000000070ea00000| PB 0x000000070ea00000| Untracked |  0
|  63|0x000000070ec00000, 0x000000070ec00000, 0x000000070ee00000|  0%| F|  |TAMS 0x000000070ec00000| PB 0x000000070ec00000| Untracked |  0
|  64|0x000000070ee00000, 0x000000070ee00000, 0x000000070f000000|  0%| F|  |TAMS 0x000000070ee00000| PB 0x000000070ee00000| Untracked |  0
|  65|0x000000070f000000, 0x000000070f000000, 0x000000070f200000|  0%| F|  |TAMS 0x000000070f000000| PB 0x000000070f000000| Untracked |  0
|  66|0x000000070f200000, 0x000000070f200000, 0x000000070f400000|  0%| F|  |TAMS 0x000000070f200000| PB 0x000000070f200000| Untracked |  0
|  67|0x000000070f400000, 0x000000070f400000, 0x000000070f600000|  0%| F|  |TAMS 0x000000070f400000| PB 0x000000070f400000| Untracked |  0
|  68|0x000000070f600000, 0x000000070f600000, 0x000000070f800000|  0%| F|  |TAMS 0x000000070f600000| PB 0x000000070f600000| Untracked |  0
|  69|0x000000070f800000, 0x000000070f800000, 0x000000070fa00000|  0%| F|  |TAMS 0x000000070f800000| PB 0x000000070f800000| Untracked |  0
|  70|0x000000070fa00000, 0x000000070fa00000, 0x000000070fc00000|  0%| F|  |TAMS 0x000000070fa00000| PB 0x000000070fa00000| Untracked |  0
|  71|0x000000070fc00000, 0x000000070fc00000, 0x000000070fe00000|  0%| F|  |TAMS 0x000000070fc00000| PB 0x000000070fc00000| Untracked |  0
|  72|0x000000070fe00000, 0x000000070fe00000, 0x0000000710000000|  0%| F|  |TAMS 0x000000070fe00000| PB 0x000000070fe00000| Untracked |  0
|  73|0x0000000710000000, 0x0000000710000000, 0x0000000710200000|  0%| F|  |TAMS 0x0000000710000000| PB 0x0000000710000000| Untracked |  0
|  74|0x0000000710200000, 0x0000000710200000, 0x0000000710400000|  0%| F|  |TAMS 0x0000000710200000| PB 0x0000000710200000| Untracked |  0
|  75|0x0000000710400000, 0x0000000710400000, 0x0000000710600000|  0%| F|  |TAMS 0x0000000710400000| PB 0x0000000710400000| Untracked |  0
|  76|0x0000000710600000, 0x0000000710600000, 0x0000000710800000|  0%| F|  |TAMS 0x0000000710600000| PB 0x0000000710600000| Untracked |  0
|  77|0x0000000710800000, 0x0000000710800000, 0x0000000710a00000|  0%| F|  |TAMS 0x0000000710800000| PB 0x0000000710800000| Untracked |  0
|  78|0x0000000710a00000, 0x0000000710a00000, 0x0000000710c00000|  0%| F|  |TAMS 0x0000000710a00000| PB 0x0000000710a00000| Untracked |  0
|  79|0x0000000710c00000, 0x0000000710c00000, 0x0000000710e00000|  0%| F|  |TAMS 0x0000000710c00000| PB 0x0000000710c00000| Untracked |  0
|  80|0x0000000710e00000, 0x0000000710e00000, 0x0000000711000000|  0%| F|  |TAMS 0x0000000710e00000| PB 0x0000000710e00000| Untracked |  0
|  81|0x0000000711000000, 0x0000000711000000, 0x0000000711200000|  0%| F|  |TAMS 0x0000000711000000| PB 0x0000000711000000| Untracked |  0
|  82|0x0000000711200000, 0x0000000711200000, 0x0000000711400000|  0%| F|  |TAMS 0x0000000711200000| PB 0x0000000711200000| Untracked |  0
|  83|0x0000000711400000, 0x0000000711400000, 0x0000000711600000|  0%| F|  |TAMS 0x0000000711400000| PB 0x0000000711400000| Untracked |  0
|  84|0x0000000711600000, 0x0000000711600000, 0x0000000711800000|  0%| F|  |TAMS 0x0000000711600000| PB 0x0000000711600000| Untracked |  0
|  85|0x0000000711800000, 0x0000000711800000, 0x0000000711a00000|  0%| F|  |TAMS 0x0000000711800000| PB 0x0000000711800000| Untracked |  0
|  86|0x0000000711a00000, 0x0000000711a00000, 0x0000000711c00000|  0%| F|  |TAMS 0x0000000711a00000| PB 0x0000000711a00000| Untracked |  0
|  87|0x0000000711c00000, 0x0000000711c00000, 0x0000000711e00000|  0%| F|  |TAMS 0x0000000711c00000| PB 0x0000000711c00000| Untracked |  0
|  88|0x0000000711e00000, 0x0000000711e00000, 0x0000000712000000|  0%| F|  |TAMS 0x0000000711e00000| PB 0x0000000711e00000| Untracked |  0
|  89|0x0000000712000000, 0x0000000712000000, 0x0000000712200000|  0%| F|  |TAMS 0x0000000712000000| PB 0x0000000712000000| Untracked |  0
|  90|0x0000000712200000, 0x0000000712200000, 0x0000000712400000|  0%| F|  |TAMS 0x0000000712200000| PB 0x0000000712200000| Untracked |  0
|  91|0x0000000712400000, 0x0000000712400000, 0x0000000712600000|  0%| F|  |TAMS 0x0000000712400000| PB 0x0000000712400000| Untracked |  0
|  92|0x0000000712600000, 0x0000000712600000, 0x0000000712800000|  0%| F|  |TAMS 0x0000000712600000| PB 0x0000000712600000| Untracked |  0
|  93|0x0000000712800000, 0x0000000712800000, 0x0000000712a00000|  0%| F|  |TAMS 0x0000000712800000| PB 0x0000000712800000| Untracked |  0
|  94|0x0000000712a00000, 0x0000000712a00000, 0x0000000712c00000|  0%| F|  |TAMS 0x0000000712a00000| PB 0x0000000712a00000| Untracked |  0
|  95|0x0000000712c00000, 0x0000000712c00000, 0x0000000712e00000|  0%| F|  |TAMS 0x0000000712c00000| PB 0x0000000712c00000| Untracked |  0
|  96|0x0000000712e00000, 0x0000000712e00000, 0x0000000713000000|  0%| F|  |TAMS 0x0000000712e00000| PB 0x0000000712e00000| Untracked |  0
|  97|0x0000000713000000, 0x0000000713000000, 0x0000000713200000|  0%| F|  |TAMS 0x0000000713000000| PB 0x0000000713000000| Untracked |  0
|  98|0x0000000713200000, 0x0000000713200000, 0x0000000713400000|  0%| F|  |TAMS 0x0000000713200000| PB 0x0000000713200000| Untracked |  0
|  99|0x0000000713400000, 0x0000000713400000, 0x0000000713600000|  0%| F|  |TAMS 0x0000000713400000| PB 0x0000000713400000| Untracked |  0
| 100|0x0000000713600000, 0x0000000713600000, 0x0000000713800000|  0%| F|  |TAMS 0x0000000713600000| PB 0x0000000713600000| Untracked |  0
| 101|0x0000000713800000, 0x0000000713800000, 0x0000000713a00000|  0%| F|  |TAMS 0x0000000713800000| PB 0x0000000713800000| Untracked |  0
| 102|0x0000000713a00000, 0x0000000713a00000, 0x0000000713c00000|  0%| F|  |TAMS 0x0000000713a00000| PB 0x0000000713a00000| Untracked |  0
| 103|0x0000000713c00000, 0x0000000713c00000, 0x0000000713e00000|  0%| F|  |TAMS 0x0000000713c00000| PB 0x0000000713c00000| Untracked |  0
| 104|0x0000000713e00000, 0x0000000713e00000, 0x0000000714000000|  0%| F|  |TAMS 0x0000000713e00000| PB 0x0000000713e00000| Untracked |  0
| 105|0x0000000714000000, 0x0000000714000000, 0x0000000714200000|  0%| F|  |TAMS 0x0000000714000000| PB 0x0000000714000000| Untracked |  0
| 106|0x0000000714200000, 0x0000000714200000, 0x0000000714400000|  0%| F|  |TAMS 0x0000000714200000| PB 0x0000000714200000| Untracked |  0
| 107|0x0000000714400000, 0x0000000714400000, 0x0000000714600000|  0%| F|  |TAMS 0x0000000714400000| PB 0x0000000714400000| Untracked |  0
| 108|0x0000000714600000, 0x0000000714600000, 0x0000000714800000|  0%| F|  |TAMS 0x0000000714600000| PB 0x0000000714600000| Untracked |  0
| 109|0x0000000714800000, 0x0000000714800000, 0x0000000714a00000|  0%| F|  |TAMS 0x0000000714800000| PB 0x0000000714800000| Untracked |  0
| 110|0x0000000714a00000, 0x0000000714a00000, 0x0000000714c00000|  0%| F|  |TAMS 0x0000000714a00000| PB 0x0000000714a00000| Untracked |  0
| 111|0x0000000714c00000, 0x0000000714c00000, 0x0000000714e00000|  0%| F|  |TAMS 0x0000000714c00000| PB 0x0000000714c00000| Untracked |  0
| 112|0x0000000714e00000, 0x0000000714e00000, 0x0000000715000000|  0%| F|  |TAMS 0x0000000714e00000| PB 0x0000000714e00000| Untracked |  0
| 113|0x0000000715000000, 0x0000000715000000, 0x0000000715200000|  0%| F|  |TAMS 0x0000000715000000| PB 0x0000000715000000| Untracked |  0
| 114|0x0000000715200000, 0x0000000715200000, 0x0000000715400000|  0%| F|  |TAMS 0x0000000715200000| PB 0x0000000715200000| Untracked |  0
| 115|0x0000000715400000, 0x0000000715400000, 0x0000000715600000|  0%| F|  |TAMS 0x0000000715400000| PB 0x0000000715400000| Untracked |  0
| 116|0x0000000715600000, 0x0000000715600000, 0x0000000715800000|  0%| F|  |TAMS 0x0000000715600000| PB 0x0000000715600000| Untracked |  0
| 117|0x0000000715800000, 0x0000000715800000, 0x0000000715a00000|  0%| F|  |TAMS 0x0000000715800000| PB 0x0000000715800000| Untracked |  0
| 118|0x0000000715a00000, 0x0000000715a00000, 0x0000000715c00000|  0%| F|  |TAMS 0x0000000715a00000| PB 0x0000000715a00000| Untracked |  0
| 119|0x0000000715c00000, 0x0000000715c00000, 0x0000000715e00000|  0%| F|  |TAMS 0x0000000715c00000| PB 0x0000000715c00000| Untracked |  0
| 120|0x0000000715e00000, 0x0000000715e00000, 0x0000000716000000|  0%| F|  |TAMS 0x0000000715e00000| PB 0x0000000715e00000| Untracked |  0
| 121|0x0000000716000000, 0x0000000716000000, 0x0000000716200000|  0%| F|  |TAMS 0x0000000716000000| PB 0x0000000716000000| Untracked |  0
| 122|0x0000000716200000, 0x0000000716200000, 0x0000000716400000|  0%| F|  |TAMS 0x0000000716200000| PB 0x0000000716200000| Untracked |  0
| 123|0x0000000716400000, 0x0000000716400000, 0x0000000716600000|  0%| F|  |TAMS 0x0000000716400000| PB 0x0000000716400000| Untracked |  0
| 124|0x0000000716600000, 0x0000000716600000, 0x0000000716800000|  0%| F|  |TAMS 0x0000000716600000| PB 0x0000000716600000| Untracked |  0

Card table byte_map: [0x000001ef736f0000,0x000001ef73ec0000] _byte_map_base: 0x000001ef6feb9000

Marking Bits: (CMBitMap*) 0x000001ef6a3af430
 Bits: [0x000001ef73ec0000, 0x000001ef77d08000)

Polling page: 0x000001ef682a0000

Metaspace:

Usage:
  Non-class:    819.90 KB used.
      Class:     71.42 KB used.
       Both:    891.32 KB used.

Virtual space:
  Non-class space:       64.00 MB reserved,     896.00 KB (  1%) committed,  1 nodes.
      Class space:        1.00 GB reserved,     128.00 KB ( <1%) committed,  1 nodes.
             Both:        1.06 GB reserved,       1.00 MB ( <1%) committed. 

Chunk freelists:
   Non-Class:  11.95 MB
       Class:  15.73 MB
        Both:  27.68 MB

MaxMetaspaceSize: unlimited
CompressedClassSpaceSize: 1.00 GB
Initial GC threshold: 21.00 MB
Current GC threshold: 21.00 MB
CDS: on
 - commit_granule_bytes: 65536.
 - commit_granule_words: 8192.
 - virtual_space_node_default_size: 8388608.
 - enlarge_chunks_in_place: 1.
 - use_allocation_guard: 0.


Internal statistics:

num_allocs_failed_limit: 0.
num_arena_births: 38.
num_arena_deaths: 0.
num_vsnodes_births: 2.
num_vsnodes_deaths: 0.
num_space_committed: 16.
num_space_uncommitted: 0.
num_chunks_returned_to_freelist: 0.
num_chunks_taken_from_freelist: 44.
num_chunk_merges: 0.
num_chunk_splits: 30.
num_chunks_enlarged: 18.
num_inconsistent_stats: 0.

CodeHeap 'non-profiled nmethods': size=119168Kb used=106Kb max_used=106Kb free=119061Kb
 bounds [0x000001ef07ba0000, 0x000001ef07e10000, 0x000001ef0f000000]
CodeHeap 'profiled nmethods': size=119104Kb used=377Kb max_used=377Kb free=118726Kb
 bounds [0x000001ef00000000, 0x000001ef00270000, 0x000001ef07450000]
CodeHeap 'non-nmethods': size=7488Kb used=3005Kb max_used=3019Kb free=4482Kb
 bounds [0x000001ef07450000, 0x000001ef07750000, 0x000001ef07ba0000]
 total_blobs=739 nmethods=310 adapters=331
 compilation: enabled
              stopped_count=0, restarted_count=0
 full_count=0

Compilation events (20 events):
Event: 0.419 Thread 0x000001ef542455a0  302       3       java.util.Arrays::copyOf (40 bytes)
Event: 0.419 Thread 0x000001ef7acf3a30  303       3       java.lang.StringBuilder::<init> (7 bytes)
Event: 0.419 Thread 0x000001ef7acf3a30 nmethod 303 0x000001ef00057b90 code [0x000001ef00057d40, 0x000001ef00057e80]
Event: 0.419 Thread 0x000001ef542455a0 nmethod 302 0x000001ef00057f10 code [0x000001ef00058100, 0x000001ef000587a0]
Event: 0.419 Thread 0x000001ef54191830 nmethod 301 0x000001ef00058990 code [0x000001ef00058b80, 0x000001ef000590c8]
Event: 0.419 Thread 0x000001ef7acf3370 nmethod 300 0x000001ef07bb9290 code [0x000001ef07bb9400, 0x000001ef07bb94a0]
Event: 0.420 Thread 0x000001ef54191830  304       1       java.lang.invoke.MethodTypeForm::basicType (5 bytes)
Event: 0.420 Thread 0x000001ef54191830 nmethod 304 0x000001ef07bb9590 code [0x000001ef07bb9720, 0x000001ef07bb97f0]
Event: 0.420 Thread 0x000001ef54191830  305       1       java.lang.Long::longValue (5 bytes)
Event: 0.420 Thread 0x000001ef542455a0  306       3       java.lang.Long::valueOf (40 bytes)
Event: 0.420 Thread 0x000001ef54191830 nmethod 305 0x000001ef07bb9890 code [0x000001ef07bb9a20, 0x000001ef07bb9ae8]
Event: 0.420 Thread 0x000001ef7acf3a30  307 %     3       lang.wrapper.WrapperVsPrimitive::main @ 79 (139 bytes)
Event: 0.420 Thread 0x000001ef542455a0 nmethod 306 0x000001ef00059310 code [0x000001ef000594c0, 0x000001ef00059800]
Event: 0.420 Thread 0x000001ef7acf3370  308       4       java.lang.Long::valueOf (40 bytes)
Event: 0.421 Thread 0x000001ef7acf3370 nmethod 308 0x000001ef07bb9b90 code [0x000001ef07bb9d20, 0x000001ef07bb9e60]
Event: 0.422 Thread 0x000001ef7acf3a30 nmethod 307% 0x000001ef00059990 code [0x000001ef00059f20, 0x000001ef0005d608]
Event: 0.422 Thread 0x000001ef7acf3370  309 %     4       lang.wrapper.WrapperVsPrimitive::main @ 79 (139 bytes)
Event: 0.424 Thread 0x000001ef7acf3370 nmethod 309% 0x000001ef07bb9f90 code [0x000001ef07bba120, 0x000001ef07bba358]
Event: 0.442 Thread 0x000001ef542455a0  310       1       java.util.concurrent.locks.AbstractOwnableSynchronizer::setExclusiveOwnerThread (6 bytes)
Event: 0.442 Thread 0x000001ef542455a0 nmethod 310 0x000001ef07bba590 code [0x000001ef07bba720, 0x000001ef07bba838]

GC Heap History (11 events):
Event: 0.439 GC heap before
{Heap before GC invocations=0 (full 0):
 garbage-first heap   total reserved 4081664K, committed 256000K, used 24576K [0x0000000706e00000, 0x0000000800000000)
  region size 2048K, 12 young (24576K), 0 survivors (0K)
 Metaspace       used 890K, committed 1024K, reserved 1114112K
  class space    used 71K, committed 128K, reserved 1048576K
}
Event: 0.442 GC heap after
{Heap after GC invocations=1 (full 0):
 garbage-first heap   total reserved 4081664K, committed 256000K, used 1252K [0x0000000706e00000, 0x0000000800000000)
  region size 2048K, 1 young (2048K), 1 survivors (2048K)
 Metaspace       used 890K, committed 1024K, reserved 1114112K
  class space    used 71K, committed 128K, reserved 1048576K
}
Event: 0.453 GC heap before
{Heap before GC invocations=1 (full 0):
 garbage-first heap   total reserved 4081664K, committed 256000K, used 48356K [0x0000000706e00000, 0x0000000800000000)
  region size 2048K, 24 young (49152K), 1 survivors (2048K)
 Metaspace       used 891K, committed 1024K, reserved 1114112K
  class space    used 71K, committed 128K, reserved 1048576K
}
Event: 0.455 GC heap after
{Heap after GC invocations=2 (full 0):
 garbage-first heap   total reserved 4081664K, committed 256000K, used 1073K [0x0000000706e00000, 0x0000000800000000)
  region size 2048K, 1 young (2048K), 1 survivors (2048K)
 Metaspace       used 891K, committed 1024K, reserved 1114112K
  class space    used 71K, committed 128K, reserved 1048576K
}
Event: 0.501 GC heap before
{Heap before GC invocations=2 (full 0):
 garbage-first heap   total reserved 4081664K, committed 256000K, used 152625K [0x0000000706e00000, 0x0000000800000000)
  region size 2048K, 75 young (153600K), 1 survivors (2048K)
 Metaspace       used 891K, committed 1024K, reserved 1114112K
  class space    used 71K, committed 128K, reserved 1048576K
}
Event: 0.503 GC heap after
{Heap after GC invocations=3 (full 0):
 garbage-first heap   total reserved 4081664K, committed 256000K, used 1100K [0x0000000706e00000, 0x0000000800000000)
  region size 2048K, 1 young (2048K), 1 survivors (2048K)
 Metaspace       used 891K, committed 1024K, reserved 1114112K
  class space    used 71K, committed 128K, reserved 1048576K
}
Event: 0.521 GC heap before
{Heap before GC invocations=3 (full 0):
 garbage-first heap   total reserved 4081664K, committed 256000K, used 152652K [0x0000000706e00000, 0x0000000800000000)
  region size 2048K, 75 young (153600K), 1 survivors (2048K)
 Metaspace       used 891K, committed 1024K, reserved 1114112K
  class space    used 71K, committed 128K, reserved 1048576K
}
Event: 0.523 GC heap after
{Heap after GC invocations=4 (full 0):
 garbage-first heap   total reserved 4081664K, committed 256000K, used 1035K [0x0000000706e00000, 0x0000000800000000)
  region size 2048K, 1 young (2048K), 1 survivors (2048K)
 Metaspace       used 891K, committed 1024K, reserved 1114112K
  class space    used 71K, committed 128K, reserved 1048576K
}
Event: 0.541 GC heap before
{Heap before GC invocations=4 (full 0):
 garbage-first heap   total reserved 4081664K, committed 256000K, used 152587K [0x0000000706e00000, 0x0000000800000000)
  region size 2048K, 75 young (153600K), 1 survivors (2048K)
 Metaspace       used 891K, committed 1024K, reserved 1114112K
  class space    used 71K, committed 128K, reserved 1048576K
}
Event: 0.543 GC heap after
{Heap after GC invocations=5 (full 0):
 garbage-first heap   total reserved 4081664K, committed 256000K, used 1068K [0x0000000706e00000, 0x0000000800000000)
  region size 2048K, 1 young (2048K), 1 survivors (2048K)
 Metaspace       used 891K, committed 1024K, reserved 1114112K
  class space    used 71K, committed 128K, reserved 1048576K
}
Event: 0.562 GC heap before
{Heap before GC invocations=5 (full 0):
 garbage-first heap   total reserved 4081664K, committed 256000K, used 152620K [0x0000000706e00000, 0x0000000800000000)
  region size 2048K, 75 young (153600K), 1 survivors (2048K)
 Metaspace       used 891K, committed 1024K, reserved 1114112K
  class space    used 71K, committed 128K, reserved 1048576K
}

Dll operation events (9 events):
Event: 0.011 Loaded shared library C:\Users\User\.jdks\openjdk-22.0.1\bin\java.dll
Event: 0.042 Loaded shared library C:\Users\User\.jdks\openjdk-22.0.1\bin\jsvml.dll
Event: 0.069 Loaded shared library C:\Users\User\.jdks\openjdk-22.0.1\bin\zip.dll
Event: 0.074 Loaded shared library C:\Users\User\.jdks\openjdk-22.0.1\bin\instrument.dll
Event: 0.078 Loaded shared library C:\Users\User\.jdks\openjdk-22.0.1\bin\net.dll
Event: 0.080 Loaded shared library C:\Users\User\.jdks\openjdk-22.0.1\bin\nio.dll
Event: 0.083 Loaded shared library C:\Users\User\.jdks\openjdk-22.0.1\bin\zip.dll
Event: 0.091 Loaded shared library C:\Program Files\JetBrains\IntelliJ IDEA Community Edition 2023.2.4\bin\breakgen64.dll
Event: 0.098 Loaded shared library C:\Users\User\.jdks\openjdk-22.0.1\bin\extnet.dll

Deoptimization events (12 events):
Event: 0.096 Thread 0x000001ef6a348070 DEOPT PACKING pc=0x000001ef000412c7 sp=0x0000001ac3eff250
Event: 0.096 Thread 0x000001ef6a348070 DEOPT UNPACKING pc=0x000001ef074a4e42 sp=0x0000001ac3efe748 mode 0
Event: 0.414 Thread 0x000001ef6a348070 Uncommon trap: trap_request=0xffffff45 fr.pc=0x000001ef07bb2ee4 relative=0x00000000000001e4
Event: 0.414 Thread 0x000001ef6a348070 Uncommon trap: reason=unstable_if action=reinterpret pc=0x000001ef07bb2ee4 method=lang.wrapper.WrapperVsPrimitive.main([Ljava/lang/String;)V @ 16 c2
Event: 0.414 Thread 0x000001ef6a348070 DEOPT PACKING pc=0x000001ef07bb2ee4 sp=0x0000001ac3eff2d0
Event: 0.414 Thread 0x000001ef6a348070 DEOPT UNPACKING pc=0x000001ef074a46a2 sp=0x0000001ac3eff248 mode 2
Event: 0.419 Thread 0x000001ef6a348070 Uncommon trap: trap_request=0xffffff45 fr.pc=0x000001ef07bb1de8 relative=0x00000000000000c8
Event: 0.419 Thread 0x000001ef6a348070 Uncommon trap: reason=unstable_if action=reinterpret pc=0x000001ef07bb1de8 method=java.lang.String.charAt(I)C @ 4 c2
Event: 0.419 Thread 0x000001ef6a348070 DEOPT PACKING pc=0x000001ef07bb1de8 sp=0x0000001ac3efe3f0
Event: 0.419 Thread 0x000001ef6a348070 DEOPT UNPACKING pc=0x000001ef074a46a2 sp=0x0000001ac3efe390 mode 2
Event: 0.424 Thread 0x000001ef6a348070 DEOPT PACKING pc=0x000001ef0005d442 sp=0x0000001ac3eff110
Event: 0.424 Thread 0x000001ef6a348070 DEOPT UNPACKING pc=0x000001ef074a4e42 sp=0x0000001ac3efe748 mode 0

Classes loaded (20 events):
Event: 0.102 Loading class java/net/Socket$SocketInputStream
Event: 0.102 Loading class java/net/Socket$SocketInputStream done
Event: 0.102 Loading class sun/nio/ch/NioSocketImpl$1
Event: 0.102 Loading class sun/nio/ch/NioSocketImpl$1 done
Event: 0.102 Loading class sun/nio/cs/StreamDecoder
Event: 0.102 Loading class sun/nio/cs/StreamDecoder done
Event: 0.102 Loading class sun/nio/cs/US_ASCII$Decoder
Event: 0.102 Loading class sun/nio/cs/US_ASCII$Decoder done
Event: 0.103 Loading class jdk/internal/event/SocketReadEvent
Event: 0.103 Loading class jdk/internal/event/Event
Event: 0.103 Loading class jdk/internal/event/Event done
Event: 0.103 Loading class jdk/internal/event/SocketReadEvent done
Event: 0.103 Loading class sun/nio/ch/Util
Event: 0.103 Loading class sun/nio/ch/Util done
Event: 0.103 Loading class sun/nio/ch/Util$1
Event: 0.103 Loading class sun/nio/ch/Util$1 done
Event: 0.103 Loading class sun/nio/ch/Util$BufferCache
Event: 0.103 Loading class sun/nio/ch/Util$BufferCache done
Event: 0.103 Loading class java/nio/DirectByteBuffer$Deallocator
Event: 0.103 Loading class java/nio/DirectByteBuffer$Deallocator done

Classes unloaded (0 events):
No events

Classes redefined (0 events):
No events

Internal exceptions (3 events):
Event: 0.084 Thread 0x000001ef6a348070 Exception <a 'java/lang/NoSuchMethodError'{0x0000000716561a20}: 'void java.lang.invoke.DirectMethodHandle$Holder.invokeStatic(java.lang.Object, java.lang.Object, java.lang.Object)'> (0x0000000716561a20) 
thrown [s\open\src\hotspot\share\interpreter\linkResolver.cpp, line 774]
Event: 0.087 Thread 0x000001ef6a348070 Exception <a 'java/lang/NoSuchMethodError'{0x0000000716208c00}: 'java.lang.Object java.lang.invoke.Invokers$Holder.invokeExact_MT(java.lang.Object, java.lang.Object, java.lang.Object, java.lang.Object, java.lang.Object)'> (0x0000000716208c00) 
thrown [s\open\src\hotspot\share\interpreter\linkResolver.cpp, line 774]
Event: 0.099 Thread 0x000001ef54346930 Exception <a 'java/lang/NoSuchMethodError'{0x0000000716284500}: 'void java.lang.invoke.DirectMethodHandle$Holder.invokeStatic(java.lang.Object, java.lang.Object)'> (0x0000000716284500) 
thrown [s\open\src\hotspot\share\interpreter\linkResolver.cpp, line 774]

ZGC Phase Switch (0 events):
No events

VM Operations (13 events):
Event: 0.059 Executing VM operation: HandshakeAllThreads (Deoptimize)
Event: 0.059 Executing VM operation: HandshakeAllThreads (Deoptimize) done
Event: 0.430 Executing VM operation: G1CollectForAllocation (G1 Evacuation Pause)
Event: 0.442 Executing VM operation: G1CollectForAllocation (G1 Evacuation Pause) done
Event: 0.453 Executing VM operation: G1CollectForAllocation (G1 Evacuation Pause)
Event: 0.455 Executing VM operation: G1CollectForAllocation (G1 Evacuation Pause) done
Event: 0.501 Executing VM operation: G1CollectForAllocation (G1 Evacuation Pause)
Event: 0.503 Executing VM operation: G1CollectForAllocation (G1 Evacuation Pause) done
Event: 0.521 Executing VM operation: G1CollectForAllocation (G1 Evacuation Pause)
Event: 0.523 Executing VM operation: G1CollectForAllocation (G1 Evacuation Pause) done
Event: 0.541 Executing VM operation: G1CollectForAllocation (G1 Evacuation Pause)
Event: 0.543 Executing VM operation: G1CollectForAllocation (G1 Evacuation Pause) done
Event: 0.562 Executing VM operation: G1CollectForAllocation (G1 Evacuation Pause)

Events (19 events):
Event: 0.026 Thread 0x000001ef6a348070 Thread added: 0x000001ef6a348070
Event: 0.040 Thread 0x000001ef7acd7f00 Thread added: 0x000001ef7acd7f00
Event: 0.040 Thread 0x000001ef7acdce30 Thread added: 0x000001ef7acdce30
Event: 0.040 Thread 0x000001ef7acdee60 Thread added: 0x000001ef7acdee60
Event: 0.040 Thread 0x000001ef7ace1f20 Thread added: 0x000001ef7ace1f20
Event: 0.040 Thread 0x000001ef7ace5bc0 Thread added: 0x000001ef7ace5bc0
Event: 0.040 Thread 0x000001ef7acee4c0 Thread added: 0x000001ef7acee4c0
Event: 0.040 Thread 0x000001ef7acf3370 Thread added: 0x000001ef7acf3370
Event: 0.040 Thread 0x000001ef7acf3a30 Thread added: 0x000001ef7acf3a30
Event: 0.054 Thread 0x000001ef542026f0 Thread added: 0x000001ef542026f0
Event: 0.059 Thread 0x000001ef54191830 Thread added: 0x000001ef54191830
Event: 0.059 Thread 0x000001ef542455a0 Thread added: 0x000001ef542455a0
Event: 0.061 Thread 0x000001ef54246730 Thread added: 0x000001ef54246730
Event: 0.064 Thread 0x000001ef5424b440 Thread added: 0x000001ef5424b440
Event: 0.064 Thread 0x000001ef5424bd10 Thread added: 0x000001ef5424bd10
Event: 0.091 Thread 0x000001ef54346930 Thread added: 0x000001ef54346930
Event: 0.092 Thread 0x000001ef54346fa0 Thread added: 0x000001ef54346fa0
Event: 0.414 Thread 0x000001ef5424bd10 Thread exited: 0x000001ef5424bd10
Event: 0.414 Thread 0x000001ef5424b440 Thread exited: 0x000001ef5424b440


Dynamic libraries:
0x00007ff6148d0000 - 0x00007ff6148de000 	C:\Users\User\.jdks\openjdk-22.0.1\bin\java.exe
0x00007ffe87b50000 - 0x00007ffe87d67000 	C:\Windows\SYSTEM32\ntdll.dll
0x00007ffe87840000 - 0x00007ffe87904000 	C:\Windows\System32\KERNEL32.DLL
0x00007ffe85000000 - 0x00007ffe853a7000 	C:\Windows\System32\KERNELBASE.dll
0x00007ffe84ee0000 - 0x00007ffe84ff1000 	C:\Windows\System32\ucrtbase.dll
0x00007ffe80140000 - 0x00007ffe80157000 	C:\Users\User\.jdks\openjdk-22.0.1\bin\jli.dll
0x00007ffe86970000 - 0x00007ffe86b1e000 	C:\Windows\System32\USER32.dll
0x00007ffe7dc30000 - 0x00007ffe7dc4b000 	C:\Users\User\.jdks\openjdk-22.0.1\bin\VCRUNTIME140.dll
0x00007ffe85520000 - 0x00007ffe85546000 	C:\Windows\System32\win32u.dll
0x00007ffe85c40000 - 0x00007ffe85c69000 	C:\Windows\System32\GDI32.dll
0x00007ffe85550000 - 0x00007ffe85669000 	C:\Windows\System32\gdi32full.dll
0x00007ffe857e0000 - 0x00007ffe8587a000 	C:\Windows\System32\msvcp_win.dll
0x00007ffe70b40000 - 0x00007ffe70dd3000 	C:\Windows\WinSxS\amd64_microsoft.windows.common-controls_6595b64144ccf1df_6.0.22621.3527_none_270e469b73872a76\COMCTL32.dll
0x00007ffe86b20000 - 0x00007ffe86bc7000 	C:\Windows\System32\msvcrt.dll
0x00007ffe87980000 - 0x00007ffe879b1000 	C:\Windows\System32\IMM32.DLL
0x00007ffe801d0000 - 0x00007ffe801dc000 	C:\Users\User\.jdks\openjdk-22.0.1\bin\vcruntime140_1.dll
0x00007ffe6cbb0000 - 0x00007ffe6cc3e000 	C:\Users\User\.jdks\openjdk-22.0.1\bin\msvcp140.dll
0x00007ffe328b0000 - 0x00007ffe335f7000 	C:\Users\User\.jdks\openjdk-22.0.1\bin\server\jvm.dll
0x00007ffe87a20000 - 0x00007ffe87ad2000 	C:\Windows\System32\ADVAPI32.dll
0x00007ffe86100000 - 0x00007ffe861a8000 	C:\Windows\System32\sechost.dll
0x00007ffe856f0000 - 0x00007ffe85718000 	C:\Windows\System32\bcrypt.dll
0x00007ffe86220000 - 0x00007ffe86335000 	C:\Windows\System32\RPCRT4.dll
0x00007ffe86070000 - 0x00007ffe860e1000 	C:\Windows\System32\WS2_32.dll
0x00007ffe7c620000 - 0x00007ffe7c62a000 	C:\Windows\SYSTEM32\VERSION.dll
0x00007ffe83cc0000 - 0x00007ffe83d0d000 	C:\Windows\SYSTEM32\POWRPROF.dll
0x00007ffe7fcd0000 - 0x00007ffe7fd04000 	C:\Windows\SYSTEM32\WINMM.dll
0x00007ffe83ca0000 - 0x00007ffe83cb3000 	C:\Windows\SYSTEM32\UMPDC.dll
0x00007ffe83f50000 - 0x00007ffe83f68000 	C:\Windows\SYSTEM32\kernel.appcore.dll
0x00007ffe7dbe0000 - 0x00007ffe7dbea000 	C:\Users\User\.jdks\openjdk-22.0.1\bin\jimage.dll
0x00007ffe81e90000 - 0x00007ffe820c2000 	C:\Windows\SYSTEM32\DBGHELP.DLL
0x00007ffe86bd0000 - 0x00007ffe86f58000 	C:\Windows\System32\combase.dll
0x00007ffe85c70000 - 0x00007ffe85d47000 	C:\Windows\System32\OLEAUT32.dll
0x00007ffe7cf70000 - 0x00007ffe7cfa2000 	C:\Windows\SYSTEM32\dbgcore.DLL
0x00007ffe85670000 - 0x00007ffe856e9000 	C:\Windows\System32\bcryptPrimitives.dll
0x00007ffe7c810000 - 0x00007ffe7c81f000 	C:\Users\User\.jdks\openjdk-22.0.1\bin\instrument.dll
0x00007ffe7c830000 - 0x00007ffe7c84e000 	C:\Users\User\.jdks\openjdk-22.0.1\bin\java.dll
0x00007ffe86fe0000 - 0x00007ffe8783c000 	C:\Windows\System32\SHELL32.dll
0x00007ffe867c0000 - 0x00007ffe86965000 	C:\Windows\System32\ole32.dll
0x00007ffe82d70000 - 0x00007ffe83666000 	C:\Windows\SYSTEM32\windows.storage.dll
0x00007ffe82c30000 - 0x00007ffe82d6e000 	C:\Windows\SYSTEM32\wintypes.dll
0x00007ffe85880000 - 0x00007ffe85975000 	C:\Windows\System32\SHCORE.dll
0x00007ffe879c0000 - 0x00007ffe87a1e000 	C:\Windows\System32\shlwapi.dll
0x00007ffe84da0000 - 0x00007ffe84dc1000 	C:\Windows\SYSTEM32\profapi.dll
0x00007ffe6a930000 - 0x00007ffe6aa07000 	C:\Users\User\.jdks\openjdk-22.0.1\bin\jsvml.dll
0x00007ffe7b690000 - 0x00007ffe7b6a7000 	C:\Users\User\.jdks\openjdk-22.0.1\bin\zip.dll
0x00007ffe7c800000 - 0x00007ffe7c810000 	C:\Users\User\.jdks\openjdk-22.0.1\bin\net.dll
0x00007ffe843f0000 - 0x00007ffe84459000 	C:\Windows\system32\mswsock.dll
0x00007ffe7c7e0000 - 0x00007ffe7c7f6000 	C:\Users\User\.jdks\openjdk-22.0.1\bin\nio.dll
0x00007ffe7b640000 - 0x00007ffe7b65a000 	C:\Program Files\JetBrains\IntelliJ IDEA Community Edition 2023.2.4\bin\breakgen64.dll
0x00007ffe7c7d0000 - 0x00007ffe7c7d9000 	C:\Users\User\.jdks\openjdk-22.0.1\bin\extnet.dll

dbghelp: loaded successfully - version: 4.0.5 - missing functions: none
symbol engine: initialized successfully - sym options: 0x614 - pdb path: .;C:\Users\User\.jdks\openjdk-22.0.1\bin;C:\Windows\SYSTEM32;C:\Windows\WinSxS\amd64_microsoft.windows.common-controls_6595b64144ccf1df_6.0.22621.3527_none_270e469b73872a76;C:\Users\User\.jdks\openjdk-22.0.1\bin\server;C:\Program Files\JetBrains\IntelliJ IDEA Community Edition 2023.2.4\bin

VM Arguments:
jvm_args: -javaagent:C:\Program Files\JetBrains\IntelliJ IDEA Community Edition 2023.2.4\lib\idea_rt.jar=51284:C:\Program Files\JetBrains\IntelliJ IDEA Community Edition 2023.2.4\bin -Dfile.encoding=UTF-8 -Dsun.stdout.encoding=UTF-8 -Dsun.stderr.encoding=UTF-8 
java_command: lang.wrapper.WrapperVsPrimitive
java_class_path (initial): C:\MyProgramming\back_end\java_mid1\out\production\java_mid1
Launcher Type: SUN_STANDARD

[Global flags]
     intx CICompilerCount                          = 12                                        {product} {ergonomic}
     uint ConcGCThreads                            = 3                                         {product} {ergonomic}
     uint G1ConcRefinementThreads                  = 13                                        {product} {ergonomic}
   size_t G1HeapRegionSize                         = 2097152                                   {product} {ergonomic}
   size_t InitialHeapSize                          = 262144000                                 {product} {ergonomic}
   size_t MarkStackSize                            = 4194304                                   {product} {ergonomic}
   size_t MaxHeapSize                              = 4179623936                                {product} {ergonomic}
   size_t MaxNewSize                               = 2506096640                                {product} {ergonomic}
   size_t MinHeapDeltaBytes                        = 2097152                                   {product} {ergonomic}
   size_t MinHeapSize                              = 8388608                                   {product} {ergonomic}
    uintx NonNMethodCodeHeapSize                   = 7602480                                {pd product} {ergonomic}
    uintx NonProfiledCodeHeapSize                  = 122027880                              {pd product} {ergonomic}
    uintx ProfiledCodeHeapSize                     = 122027880                              {pd product} {ergonomic}
    uintx ReservedCodeCacheSize                    = 251658240                              {pd product} {ergonomic}
     bool SegmentedCodeCache                       = true                                      {product} {ergonomic}
   size_t SoftMaxHeapSize                          = 4179623936                             {manageable} {ergonomic}
     bool UseCompressedOops                        = true                           {product lp64_product} {ergonomic}
     bool UseG1GC                                  = true                                      {product} {ergonomic}
     bool UseLargePagesIndividualAllocation        = false                                  {pd product} {ergonomic}

Logging:
Log output configuration:
 #0: stdout all=warning uptime,level,tags foldmultilines=false
 #1: stderr all=off uptime,level,tags foldmultilines=false

Environment Variables:
JAVA_HOME=C:\Program Files\Java\jdk-17\
PATH=C:\Program Files\Common Files\Oracle\Java\javapath;C:\Windows\system32;C:\Windows;C:\Windows\System32\Wbem;C:\Windows\System32\WindowsPowerShell\v1.0\;C:\Windows\System32\OpenSSH\;C:\Program Files\nodejs\;C:\Program Files (x86)\NetSarang\Xshell 7\;C:\Program Files\PuTTY\;%JAVA_HOME%\bin;C:\Users\User\Desktop\Graphviz\bin;C:\Program Files\Git\cmd;C:\Users\User\AppData\Local\Programs\Python\Python311\Scripts\;C:\Users\User\AppData\Local\Programs\Python\Python311\;C:\Users\User\AppData\Local\Microsoft\WindowsApps;C:\Users\User\AppData\Local\Programs\Microsoft VS Code\bin;C:\Users\User\AppData\Roaming\npm;C:\Program Files\JetBrains\IntelliJ IDEA Community Edition 2023.2.4\bin;
USERNAME=User
OS=Windows_NT
PROCESSOR_IDENTIFIER=Intel64 Family 6 Model 186 Stepping 2, GenuineIntel
TMP=C:\Users\User\AppData\Local\Temp
TEMP=C:\Users\User\AppData\Local\Temp




Periodic native trim disabled

---------------  S Y S T E M  ---------------

OS:
 Windows 11 , 64 bit Build 22621 (10.0.22621.3527)
OS uptime: 17 days 17:25 hours
Hyper-V role detected

CPU: total 16 (initial active 16) (8 cores per cpu, 2 threads per core) family 6 model 186 stepping 2 microcode 0x410e, cx8, cmov, fxsr, ht, mmx, 3dnowpref, sse, sse2, sse3, ssse3, sse4.1, sse4.2, popcnt, lzcnt, tsc, tscinvbit, avx, avx2, aes, erms, clmul, bmi1, bmi2, adx, sha, fma, vzeroupper, clflush, clflushopt, clwb, hv, serialize, rdtscp, rdpid, fsrm, f16c, cet_ibt, cet_ss
Processor Information for processor 0
  Max Mhz: 2200, Current Mhz: 2200, Mhz Limit: 2200
Processor Information for processor 1
  Max Mhz: 2200, Current Mhz: 2200, Mhz Limit: 2200
Processor Information for processor 2
  Max Mhz: 2200, Current Mhz: 2200, Mhz Limit: 2200
Processor Information for processor 3
  Max Mhz: 2200, Current Mhz: 2200, Mhz Limit: 2200
Processor Information for processor 4
  Max Mhz: 2200, Current Mhz: 2200, Mhz Limit: 2200
Processor Information for processor 5
  Max Mhz: 2200, Current Mhz: 2200, Mhz Limit: 2200
Processor Information for processor 6
  Max Mhz: 2200, Current Mhz: 2200, Mhz Limit: 2200
Processor Information for processor 7
  Max Mhz: 2200, Current Mhz: 2200, Mhz Limit: 2200
Processor Information for processor 8
  Max Mhz: 2200, Current Mhz: 1600, Mhz Limit: 1584
Processor Information for processor 9
  Max Mhz: 2200, Current Mhz: 1600, Mhz Limit: 1584
Processor Information for processor 10
  Max Mhz: 2200, Current Mhz: 1600, Mhz Limit: 1584
Processor Information for processor 11
  Max Mhz: 2200, Current Mhz: 1600, Mhz Limit: 1584
Processor Information for processor 12
  Max Mhz: 2200, Current Mhz: 1600, Mhz Limit: 1584
Processor Information for processor 13
  Max Mhz: 2200, Current Mhz: 1600, Mhz Limit: 1584
Processor Information for processor 14
  Max Mhz: 2200, Current Mhz: 1500, Mhz Limit: 1584
Processor Information for processor 15
  Max Mhz: 2200, Current Mhz: 1500, Mhz Limit: 1584

Memory: 4k page, system-wide physical 15943M (1717M free)
TotalPageFile size 65095M (AvailPageFile size 41M)
current process WorkingSet (physical memory assigned to process): 192M, peak: 192M
current process commit charge ("private bytes"): 347M, peak: 543M

vm_info: OpenJDK 64-Bit Server VM (22.0.1+8-16) for windows-amd64 JRE (22.0.1+8-16), built on 2024-03-12T10:33:16Z by "mach5one" with MS VC++ 17.6 (VS2022)

END.
