#
# There is insufficient memory for the Java Runtime Environment to continue.
# Native memory allocation (malloc) failed to allocate 1048576 bytes. Error detail: AllocateHeap
# Possible reasons:
#   The system is out of physical RAM or swap space
#   This process is running with CompressedOops enabled, and the Java Heap may be blocking the growth of the native heap
# Possible solutions:
#   Reduce memory load on the system
#   Increase physical memory or swap space
#   Check if swap backing store is full
#   Decrease Java heap size (-Xmx/-Xms)
#   Decrease number of Java threads
#   Decrease Java thread stack sizes (-Xss)
#   Set larger code cache with -XX:ReservedCodeCacheSize=
#   JVM is running with Zero Based Compressed Oops mode in which the Java heap is
#     placed in the first 32GB address space. The Java Heap base address is the
#     maximum limit for the native heap growth. Please use -XX:HeapBaseMinAddress
#     to set the Java Heap base and to place the Java Heap above 32GB virtual address.
# This output file may be truncated or incomplete.
#
#  Out of Memory Error (allocation.cpp:44), pid=8984, tid=38724
#
# JRE version:  (22.0.1+8) (build )
# Java VM: OpenJDK 64-Bit Server VM (22.0.1+8-16, mixed mode, sharing, tiered, compressed oops, compressed class ptrs, g1 gc, windows-amd64)
# No core dump will be written. Minidumps are not enabled by default on client versions of Windows
#

---------------  S U M M A R Y ------------

Command Line: -javaagent:C:\Program Files\JetBrains\IntelliJ IDEA Community Edition 2023.2.4\lib\idea_rt.jar=50559:C:\Program Files\JetBrains\IntelliJ IDEA Community Edition 2023.2.4\bin -Dfile.encoding=UTF-8 -Dsun.stdout.encoding=UTF-8 -Dsun.stderr.encoding=UTF-8 nested.anonymous.ex.Ex0Main

Host: 13th Gen Intel(R) Core(TM) i7-1360P, 16 cores, 15G,  Windows 11 , 64 bit Build 22621 (10.0.22621.3527)
Time: Wed Jun 12 13:53:43 2024  Windows 11 , 64 bit Build 22621 (10.0.22621.3527) elapsed time: 0.021664 seconds (0d 0h 0m 0s)

---------------  T H R E A D  ---------------

Current thread (0x000001cb54ee21c0):  JavaThread "Unknown thread" [_thread_in_vm, id=38724, stack(0x000000a1f4900000,0x000000a1f4a00000) (1024K)]

Stack: [0x000000a1f4900000,0x000000a1f4a00000]
Native frames: (J=compiled Java code, j=interpreted, Vv=VM code, C=native code)
V  [jvm.dll+0x6e2279]  (no source info available)
V  [jvm.dll+0x874e33]  (no source info available)
V  [jvm.dll+0x87725e]  (no source info available)
V  [jvm.dll+0x877933]  (no source info available)
V  [jvm.dll+0x27fd76]  (no source info available)
V  [jvm.dll+0xbe877]  (no source info available)
V  [jvm.dll+0x334fc4]  (no source info available)
V  [jvm.dll+0x32d12e]  (no source info available)
V  [jvm.dll+0x83ccdc]  (no source info available)
V  [jvm.dll+0x3c0d71]  (no source info available)
V  [jvm.dll+0x825ccc]  (no source info available)
V  [jvm.dll+0x45b8fe]  (no source info available)
V  [jvm.dll+0x45d781]  (no source info available)
C  [jli.dll+0x52a3]  (no source info available)
C  [ucrtbase.dll+0x29333]  (no source info available)
C  [KERNEL32.DLL+0x1257d]  (no source info available)
C  [ntdll.dll+0x5aa48]  (no source info available)


---------------  P R O C E S S  ---------------

Threads class SMR info:
_java_thread_list=0x00007ffe094cb1c8, length=0, elements={
}

Java Threads: ( => current thread )
Total: 0

Other Threads:
  0x000001cb5720f940 WorkerThread "GC Thread#0"                     [id=44564, stack(0x000000a1f4a00000,0x000000a1f4b00000) (1024K)]

[error occurred during error reporting (printing all threads), id 0xc0000005, EXCEPTION_ACCESS_VIOLATION (0xc0000005) at pc=0x00007ffe08c19a80]
VM state: not at safepoint (not fully initialized)

VM Mutex/Monitor currently owned by a thread:  ([mutex/lock_event])
[0x00007ffe0954bcb8] Heap_lock - owner thread: 0x000001cb54ee21c0

Heap address: 0x0000000706e00000, size: 3986 MB, Compressed Oops mode: Zero based, Oop shift amount: 3

CDS archive(s) mapped at: [0x0000000000000000-0x0000000000000000-0x0000000000000000), size 0, SharedBaseAddress: 0x0000000800000000, ArchiveRelocationMode: 1.
Narrow klass base: 0x0000000000000000, Narrow klass shift: 0, Narrow klass range: 0x0

GC Precious Log:
 CardTable entry size: 512
 Card Set container configuration: InlinePtr #cards 4 size 8 Array Of Cards #cards 16 size 48 Howl #buckets 8 coarsen threshold 3686 Howl Bitmap #cards 512 size 80 coarsen threshold 460 Card regions per heap region 1 cards per card region 4096

Heap:
 garbage-first heap   total reserved 4081664K, committed 0K, used 0K [0x0000000706e00000, 0x0000000800000000)
  region size 2048K, 0 young (0K), 0 survivors (0K)

[error occurred during error reporting (printing heap information), id 0xc0000005, EXCEPTION_ACCESS_VIOLATION (0xc0000005) at pc=0x00007ffe0901e429]
GC Heap History (0 events):
No events

Dll operation events (1 events):
Event: 0.014 Loaded shared library C:\Users\User\.jdks\openjdk-22.0.1\bin\java.dll

Deoptimization events (0 events):
No events

Classes loaded (0 events):
No events

Classes unloaded (0 events):
No events

Classes redefined (0 events):
No events

Internal exceptions (0 events):
No events

ZGC Phase Switch (0 events):
No events

VM Operations (0 events):
No events

Events (0 events):
No events


Dynamic libraries:
0x00007ff7afd50000 - 0x00007ff7afd5e000 	C:\Users\User\.jdks\openjdk-22.0.1\bin\java.exe
0x00007ffe87b50000 - 0x00007ffe87d67000 	C:\Windows\SYSTEM32\ntdll.dll
0x00007ffe87840000 - 0x00007ffe87904000 	C:\Windows\System32\KERNEL32.DLL
0x00007ffe85000000 - 0x00007ffe853a7000 	C:\Windows\System32\KERNELBASE.dll
0x00007ffe84ee0000 - 0x00007ffe84ff1000 	C:\Windows\System32\ucrtbase.dll
0x00007ffe7c740000 - 0x00007ffe7c757000 	C:\Users\User\.jdks\openjdk-22.0.1\bin\jli.dll
0x00007ffe86970000 - 0x00007ffe86b1e000 	C:\Windows\System32\USER32.dll
0x00007ffe7bf30000 - 0x00007ffe7bf4b000 	C:\Users\User\.jdks\openjdk-22.0.1\bin\VCRUNTIME140.dll
0x00007ffe85520000 - 0x00007ffe85546000 	C:\Windows\System32\win32u.dll
0x00007ffe85c40000 - 0x00007ffe85c69000 	C:\Windows\System32\GDI32.dll
0x00007ffe85550000 - 0x00007ffe85669000 	C:\Windows\System32\gdi32full.dll
0x00007ffe857e0000 - 0x00007ffe8587a000 	C:\Windows\System32\msvcp_win.dll
0x00007ffe70b40000 - 0x00007ffe70dd3000 	C:\Windows\WinSxS\amd64_microsoft.windows.common-controls_6595b64144ccf1df_6.0.22621.3527_none_270e469b73872a76\COMCTL32.dll
0x00007ffe86b20000 - 0x00007ffe86bc7000 	C:\Windows\System32\msvcrt.dll
0x00007ffe87980000 - 0x00007ffe879b1000 	C:\Windows\System32\IMM32.DLL
0x00007ffe81000000 - 0x00007ffe8100c000 	C:\Users\User\.jdks\openjdk-22.0.1\bin\vcruntime140_1.dll
0x00007ffe6a370000 - 0x00007ffe6a3fe000 	C:\Users\User\.jdks\openjdk-22.0.1\bin\msvcp140.dll
0x00007ffe088e0000 - 0x00007ffe09627000 	C:\Users\User\.jdks\openjdk-22.0.1\bin\server\jvm.dll
0x00007ffe87a20000 - 0x00007ffe87ad2000 	C:\Windows\System32\ADVAPI32.dll
0x00007ffe86100000 - 0x00007ffe861a8000 	C:\Windows\System32\sechost.dll
0x00007ffe856f0000 - 0x00007ffe85718000 	C:\Windows\System32\bcrypt.dll
0x00007ffe86220000 - 0x00007ffe86335000 	C:\Windows\System32\RPCRT4.dll
0x00007ffe86070000 - 0x00007ffe860e1000 	C:\Windows\System32\WS2_32.dll
0x00007ffe7c620000 - 0x00007ffe7c62a000 	C:\Windows\SYSTEM32\VERSION.dll
0x00007ffe83cc0000 - 0x00007ffe83d0d000 	C:\Windows\SYSTEM32\POWRPROF.dll
0x00007ffe7fcd0000 - 0x00007ffe7fd04000 	C:\Windows\SYSTEM32\WINMM.dll
0x00007ffe83ca0000 - 0x00007ffe83cb3000 	C:\Windows\SYSTEM32\UMPDC.dll
0x00007ffe83f50000 - 0x00007ffe83f68000 	C:\Windows\SYSTEM32\kernel.appcore.dll
0x00007ffe801d0000 - 0x00007ffe801da000 	C:\Users\User\.jdks\openjdk-22.0.1\bin\jimage.dll
0x00007ffe81e90000 - 0x00007ffe820c2000 	C:\Windows\SYSTEM32\DBGHELP.DLL
0x00007ffe86bd0000 - 0x00007ffe86f58000 	C:\Windows\System32\combase.dll
0x00007ffe85c70000 - 0x00007ffe85d47000 	C:\Windows\System32\OLEAUT32.dll
0x00007ffe7cf70000 - 0x00007ffe7cfa2000 	C:\Windows\SYSTEM32\dbgcore.DLL
0x00007ffe85670000 - 0x00007ffe856e9000 	C:\Windows\System32\bcryptPrimitives.dll
0x00007ffe76590000 - 0x00007ffe7659f000 	C:\Users\User\.jdks\openjdk-22.0.1\bin\instrument.dll
0x00007ffe765a0000 - 0x00007ffe765be000 	C:\Users\User\.jdks\openjdk-22.0.1\bin\java.dll
0x00007ffe86fe0000 - 0x00007ffe8783c000 	C:\Windows\System32\SHELL32.dll
0x00007ffe867c0000 - 0x00007ffe86965000 	C:\Windows\System32\ole32.dll

dbghelp: loaded successfully - version: 4.0.5 - missing functions: none
symbol engine: initialized successfully - sym options: 0x614 - pdb path: .;C:\Users\User\.jdks\openjdk-22.0.1\bin;C:\Windows\SYSTEM32;C:\Windows\WinSxS\amd64_microsoft.windows.common-controls_6595b64144ccf1df_6.0.22621.3527_none_270e469b73872a76;C:\Users\User\.jdks\openjdk-22.0.1\bin\server

VM Arguments:
jvm_args: -javaagent:C:\Program Files\JetBrains\IntelliJ IDEA Community Edition 2023.2.4\lib\idea_rt.jar=50559:C:\Program Files\JetBrains\IntelliJ IDEA Community Edition 2023.2.4\bin -Dfile.encoding=UTF-8 -Dsun.stdout.encoding=UTF-8 -Dsun.stderr.encoding=UTF-8 
java_command: nested.anonymous.ex.Ex0Main
java_class_path (initial): C:\MyProgramming\back_end\java_mid1\out\production\java_mid1
Launcher Type: SUN_STANDARD

[Global flags]
     intx CICompilerCount                          = 12                                        {product} {ergonomic}
     uint ConcGCThreads                            = 3                                         {product} {ergonomic}
     uint G1ConcRefinementThreads                  = 13                                        {product} {ergonomic}
   size_t G1HeapRegionSize                         = 2097152                                   {product} {ergonomic}
   size_t InitialHeapSize                          = 262144000                                 {product} {ergonomic}
   size_t MarkStackSize                            = 4194304                                   {product} {ergonomic}
   size_t MaxHeapSize                              = 4179623936                                {product} {ergonomic}
   size_t MinHeapDeltaBytes                        = 2097152                                   {product} {ergonomic}
   size_t MinHeapSize                              = 8388608                                   {product} {ergonomic}
    uintx NonNMethodCodeHeapSize                   = 7602480                                {pd product} {ergonomic}
    uintx NonProfiledCodeHeapSize                  = 122027880                              {pd product} {ergonomic}
    uintx ProfiledCodeHeapSize                     = 122027880                              {pd product} {ergonomic}
    uintx ReservedCodeCacheSize                    = 251658240                              {pd product} {ergonomic}
     bool SegmentedCodeCache                       = true                                      {product} {ergonomic}
   size_t SoftMaxHeapSize                          = 4179623936                             {manageable} {ergonomic}
     bool UseCompressedOops                        = true                           {product lp64_product} {ergonomic}
     bool UseG1GC                                  = true                                      {product} {ergonomic}
     bool UseLargePagesIndividualAllocation        = false                                  {pd product} {ergonomic}

Logging:
Log output configuration:
 #0: stdout all=warning uptime,level,tags foldmultilines=false
 #1: stderr all=off uptime,level,tags foldmultilines=false

Environment Variables:
JAVA_HOME=C:\Program Files\Java\jdk-17\
PATH=C:\Program Files\Common Files\Oracle\Java\javapath;C:\Windows\system32;C:\Windows;C:\Windows\System32\Wbem;C:\Windows\System32\WindowsPowerShell\v1.0\;C:\Windows\System32\OpenSSH\;C:\Program Files\nodejs\;C:\Program Files (x86)\NetSarang\Xshell 7\;C:\Program Files\PuTTY\;%JAVA_HOME%\bin;C:\Users\User\Desktop\Graphviz\bin;C:\Program Files\Git\cmd;C:\Users\User\AppData\Local\Programs\Python\Python311\Scripts\;C:\Users\User\AppData\Local\Programs\Python\Python311\;C:\Users\User\AppData\Local\Microsoft\WindowsApps;C:\Users\User\AppData\Local\Programs\Microsoft VS Code\bin;C:\Users\User\AppData\Roaming\npm;C:\Program Files\JetBrains\IntelliJ IDEA Community Edition 2023.2.4\bin;
USERNAME=User
OS=Windows_NT
PROCESSOR_IDENTIFIER=Intel64 Family 6 Model 186 Stepping 2, GenuineIntel
TMP=C:\Users\User\AppData\Local\Temp
TEMP=C:\Users\User\AppData\Local\Temp




Periodic native trim disabled

---------------  S Y S T E M  ---------------

OS:
 Windows 11 , 64 bit Build 22621 (10.0.22621.3527)
OS uptime: 24 days 16:30 hours
Hyper-V role detected

CPU: total 16 (initial active 16) (8 cores per cpu, 2 threads per core) family 6 model 186 stepping 2 microcode 0x410e, cx8, cmov, fxsr, ht, mmx, 3dnowpref, sse, sse2, sse3, ssse3, sse4.1, sse4.2, popcnt, lzcnt, tsc, tscinvbit, avx, avx2, aes, erms, clmul, bmi1, bmi2, adx, sha, fma, vzeroupper, clflush, clflushopt, clwb, hv, serialize, rdtscp, rdpid, fsrm, f16c, cet_ibt, cet_ss
Processor Information for processor 0
  Max Mhz: 2200, Current Mhz: 2200, Mhz Limit: 2200
Processor Information for processor 1
  Max Mhz: 2200, Current Mhz: 2200, Mhz Limit: 2200
Processor Information for processor 2
  Max Mhz: 2200, Current Mhz: 2200, Mhz Limit: 2200
Processor Information for processor 3
  Max Mhz: 2200, Current Mhz: 2200, Mhz Limit: 2200
Processor Information for processor 4
  Max Mhz: 2200, Current Mhz: 2200, Mhz Limit: 2200
Processor Information for processor 5
  Max Mhz: 2200, Current Mhz: 2200, Mhz Limit: 2200
Processor Information for processor 6
  Max Mhz: 2200, Current Mhz: 2200, Mhz Limit: 2200
Processor Information for processor 7
  Max Mhz: 2200, Current Mhz: 2200, Mhz Limit: 2200
Processor Information for processor 8
  Max Mhz: 2200, Current Mhz: 1600, Mhz Limit: 1584
Processor Information for processor 9
  Max Mhz: 2200, Current Mhz: 1600, Mhz Limit: 1584
Processor Information for processor 10
  Max Mhz: 2200, Current Mhz: 1600, Mhz Limit: 1584
Processor Information for processor 11
  Max Mhz: 2200, Current Mhz: 1500, Mhz Limit: 1584
Processor Information for processor 12
  Max Mhz: 2200, Current Mhz: 1500, Mhz Limit: 1584
Processor Information for processor 13
  Max Mhz: 2200, Current Mhz: 1500, Mhz Limit: 1584
Processor Information for processor 14
  Max Mhz: 2200, Current Mhz: 1600, Mhz Limit: 1584
Processor Information for processor 15
  Max Mhz: 2200, Current Mhz: 1600, Mhz Limit: 1584

Memory: 4k page, system-wide physical 15943M (3224M free)
TotalPageFile size 65095M (AvailPageFile size 4M)
current process WorkingSet (physical memory assigned to process): 12M, peak: 12M
current process commit charge ("private bytes"): 63M, peak: 63M

vm_info: OpenJDK 64-Bit Server VM (22.0.1+8-16) for windows-amd64 JRE (22.0.1+8-16), built on 2024-03-12T10:33:16Z by "mach5one" with MS VC++ 17.6 (VS2022)

END.
